Arguments: 
  /usr/local/Cellar/node/9.10.0_1/bin/node /usr/local/bin/yarn add rollup-plugin-babel _D

PATH: 
  /Users/mww132/Downloads/google-cloud-sdk/bin:/Users/mww132/.local/bin:/usr/local/share/dotnet:/Users/mww132/.rbenv/shims:/usr/local/bin:/usr/bin:/bin:/usr/sbin:/sbin:/usr/local/share/dotnet:/Users/mww132/Downloads/google-cloud-sdk/bin:/Users/mww132/.local/bin:/Users/mww132/.rbenv/shims:/usr/local/Cellar/springboot/1.5.3.RELEASE/bin:/Users/mww132/Downloads/vault-cli-2.4.40/bin:/usr/local/Cellar/springboot/1.5.3.RELEASE/bin:/Users/mww132/Downloads/vault-cli-2.4.40/bin

Yarn version: 
  1.7.0

Node version: 
  9.10.0

Platform: 
  darwin x64

Trace: 
  Error: https://registry.yarnpkg.com/_D: Not found
      at Request.params.callback [as _callback] (/usr/local/lib/node_modules/yarn/lib/cli.js:65656:18)
      at Request.self.callback (/usr/local/lib/node_modules/yarn/lib/cli.js:134675:22)
      at Request.emit (events.js:180:13)
      at Request.<anonymous> (/usr/local/lib/node_modules/yarn/lib/cli.js:135658:10)
      at Request.emit (events.js:180:13)
      at IncomingMessage.<anonymous> (/usr/local/lib/node_modules/yarn/lib/cli.js:135578:12)
      at Object.onceWrapper (events.js:272:13)
      at IncomingMessage.emit (events.js:185:15)
      at endReadableNT (_stream_readable.js:1106:12)
      at process._tickCallback (internal/process/next_tick.js:114:19)

npm manifest: 
  {
    "name": "react-core-common",
    "version": "1.0.0",
    "description": "",
    "main": "index.js",
    "scripts": {
      "test": "echo \"Error: no test specified\" && exit 1",
      "build": "rollup -c"
    },
    "keywords": [],
    "author": "",
    "license": "ISC"
  }

yarn manifest: 
  No manifest

Lockfile: 
  No lockfile
